
Showing logs for build [32mcb-kubecd-environment-pr-172-22-pcffx-1[0m stage [32mfrom-build-pack[0m and container [32mstep-credential-initializer-p85lp[0m
{"level":"warn","ts":1583239851.8999748,"logger":"fallback-logger","caller":"logging/config.go:69","msg":"Fetch GitHub commit ID from kodata failed: \"ref: refs/heads/0.8.0-**-support-backwards-incompats\" is not a valid GitHub commit ID"}
{"level":"info","ts":1583239851.9022093,"logger":"fallback-logger","caller":"creds-init/main.go:40","msg":"Credentials initialized."}

Showing logs for build [32mcb-kubecd-environment-pr-172-22-pcffx-1[0m stage [32mfrom-build-pack[0m and container [32mstep-working-dir-initializer-vz6hs[0m
{"level":"warn","ts":1583239853.260755,"logger":"fallback-logger","caller":"logging/config.go:69","msg":"Fetch GitHub commit ID from kodata failed: open /var/run/ko/HEAD: no such file or directory"}
{"level":"info","ts":1583239853.2627912,"logger":"fallback-logger","caller":"bash/main.go:64","msg":"Successfully executed command \"sh -c mkdir -p /workspace/source\"; output "}

Showing logs for build [32mcb-kubecd-environment-pr-172-22-pcffx-1[0m stage [32mfrom-build-pack[0m and container [32mstep-place-tools[0m

Showing logs for build [32mcb-kubecd-environment-pr-172-22-pcffx-1[0m stage [32mfrom-build-pack[0m and container [32mstep-git-source-cb-kubecd-environment-pr-172-22-pcffx-kgz6z[0m
{"level":"warn","ts":1583239856.3779702,"logger":"fallback-logger","caller":"logging/config.go:69","msg":"Fetch GitHub commit ID from kodata failed: \"ref: refs/heads/0.8.0-**-support-backwards-incompats\" is not a valid GitHub commit ID"}
{"level":"info","ts":1583239857.4539385,"logger":"fallback-logger","caller":"git/git.go:103","msg":"Successfully cloned https://github.com/cb-kubecd/environment-pr-172-22-boot-vault-gke-production.git @ master in path /workspace/source"}

Showing logs for build [32mcb-kubecd-environment-pr-172-22-pcffx-1[0m stage [32mfrom-build-pack[0m and container [32mstep-git-merge[0m
Using SHAs from PULL_REFS=master:43096b2383d37320fad63bb1c73b75cfefacb358,1:2dbf1ff38392d459a4e485c4fff094371f057d51
DEBUG: LC_ALL=C JX_LOG_LEVEL=error git fetch origin --unshallow 2dbf1ff38392d459a4e485c4fff094371f057d51: 43096b2383d37320fad63bb1c73b75cfefacb358:
DEBUG: ran git fetch --unshallow origin 2dbf1ff38392d459a4e485c4fff094371f057d51: 43096b2383d37320fad63bb1c73b75cfefacb358: in 
DEBUG: LC_ALL=C JX_LOG_LEVEL=error git branch
DEBUG: LC_ALL=C JX_LOG_LEVEL=error git checkout master
DEBUG: ran git checkout master in 
DEBUG: JX_LOG_LEVEL=error LC_ALL=C git reset --hard 43096b2383d37320fad63bb1c73b75cfefacb358
DEBUG: ran git reset --hard 43096b2383d37320fad63bb1c73b75cfefacb358 in 
DEBUG: LC_ALL=C JX_LOG_LEVEL=error git clean -fd .
DEBUG: ran clean --force -d . in 
DEBUG: LC_ALL=C JX_LOG_LEVEL=error git merge 2dbf1ff38392d459a4e485c4fff094371f057d51
DEBUG: ran git merge 2dbf1ff38392d459a4e485c4fff094371f057d51 in 
DEBUG: LC_ALL=C JX_LOG_LEVEL=error git log --format=%H%x1f%an%x1f%ae%x1f%cn%x1f%ce%x1f%s%n%b%x1e 43096b2383d37320fad63bb1c73b75cfefacb358..HEAD
Merged SHA 2dbf1ff38392d459a4e485c4fff094371f057d51 with commit message 'chore: Promote bdd-spring-1583238513 to version 0.0.1' into base branch master

Showing logs for build [32mcb-kubecd-environment-pr-172-22-pcffx-1[0m stage [32mfrom-build-pack[0m and container [32mstep-build-helm-build[0m
WARNING: No $CHART_REPOSITORY defined so using the default value of: http://jenkins-x-chartmuseum:8080
Adding missing Helm repo: storage.googleapis.com https://storage.googleapis.com/chartmuseum.jenkins-x.io
WARNING: No secrets found on "helm/repos" due: reading the secret "helm/repos" from vault: no secret "helm/repos" not found in vault
Read credentials for https://storage.googleapis.com/chartmuseum.jenkins-x.io from vault helm/repos
Successfully added Helm repository storage.googleapis.com.
Adding missing Helm repo: jenkins-x-chartmuseum http://jenkins-x-chartmuseum:8080
WARNING: No secrets found on "helm/repos" due: reading the secret "helm/repos" from vault: no secret "helm/repos" not found in vault
Read credentials for http://jenkins-x-chartmuseum:8080 from vault helm/repos
Successfully added Helm repository jenkins-x-chartmuseum.
WARNING: No $CHART_REPOSITORY defined so using the default value of: http://jenkins-x-chartmuseum:8080
Adding missing Helm repo: chartmuseum.jenkins-x.io http://chartmuseum.jenkins-x.io
WARNING: No secrets found on "helm/repos" due: reading the secret "helm/repos" from vault: no secret "helm/repos" not found in vault
Read credentials for http://chartmuseum.jenkins-x.io from vault helm/repos
Successfully added Helm repository chartmuseum.jenkins-x.io.
